<?xml version="1.0" encoding="UTF-8"?>
<coverage generated="1656241296446" clover="3.2.0">
  <project timestamp="1656241296446" name="All files">
    <metrics statements="153" coveredstatements="151" conditionals="27" coveredconditionals="27" methods="12" coveredmethods="10" elements="192" coveredelements="188" complexity="0" loc="153" ncloc="153" packages="1" files="2" classes="2"/>
    <file name="QueryBuilder.js" path="/home/arya/Documents/experiment/query-param-syntex/built/QueryBuilder.js">
      <metrics statements="62" coveredstatements="62" conditionals="8" coveredconditionals="8" methods="3" coveredmethods="3"/>
      <line num="1" count="1" type="stmt"/>
      <line num="2" count="1" type="stmt"/>
      <line num="3" count="1" type="stmt"/>
      <line num="4" count="1" type="stmt"/>
      <line num="5" count="1" type="stmt"/>
      <line num="6" count="1" type="stmt"/>
      <line num="7" count="1" type="stmt"/>
      <line num="8" count="1" type="stmt"/>
      <line num="9" count="1" type="stmt"/>
      <line num="10" count="1" type="stmt"/>
      <line num="11" count="1" type="stmt"/>
      <line num="12" count="1" type="stmt"/>
      <line num="13" count="1" type="stmt"/>
      <line num="14" count="1" type="stmt"/>
      <line num="15" count="1" type="stmt"/>
      <line num="16" count="1" type="stmt"/>
      <line num="17" count="1" type="stmt"/>
      <line num="18" count="1" type="stmt"/>
      <line num="19" count="1" type="stmt"/>
      <line num="20" count="1" type="stmt"/>
      <line num="21" count="1" type="stmt"/>
      <line num="22" count="1" type="stmt"/>
      <line num="23" count="1" type="stmt"/>
      <line num="24" count="1" type="stmt"/>
      <line num="25" count="1" type="stmt"/>
      <line num="26" count="1" type="stmt"/>
      <line num="27" count="1" type="stmt"/>
      <line num="28" count="1" type="stmt"/>
      <line num="29" count="1" type="stmt"/>
      <line num="30" count="1" type="stmt"/>
      <line num="31" count="1" type="stmt"/>
      <line num="32" count="1" type="stmt"/>
      <line num="33" count="1" type="stmt"/>
      <line num="34" count="1" type="stmt"/>
      <line num="35" count="1" type="stmt"/>
      <line num="36" count="1" type="cond" truecount="1" falsecount="0"/>
      <line num="37" count="1" type="cond" truecount="1" falsecount="0"/>
      <line num="38" count="2" type="stmt"/>
      <line num="39" count="2" type="stmt"/>
      <line num="40" count="1" type="cond" truecount="1" falsecount="0"/>
      <line num="41" count="4" type="stmt"/>
      <line num="42" count="4" type="stmt"/>
      <line num="43" count="4" type="stmt"/>
      <line num="44" count="4" type="stmt"/>
      <line num="45" count="4" type="stmt"/>
      <line num="46" count="4" type="stmt"/>
      <line num="47" count="1" type="cond" truecount="1" falsecount="0"/>
      <line num="48" count="2" type="cond" truecount="1" falsecount="0"/>
      <line num="49" count="4" type="cond" truecount="2" falsecount="0"/>
      <line num="50" count="4" type="cond" truecount="1" falsecount="0"/>
      <line num="51" count="2" type="stmt"/>
      <line num="52" count="2" type="stmt"/>
      <line num="53" count="2" type="stmt"/>
      <line num="54" count="2" type="stmt"/>
      <line num="55" count="2" type="stmt"/>
      <line num="56" count="4" type="stmt"/>
      <line num="57" count="2" type="stmt"/>
      <line num="58" count="2" type="stmt"/>
      <line num="59" count="1" type="stmt"/>
      <line num="60" count="1" type="stmt"/>
      <line num="61" count="1" type="stmt"/>
      <line num="62" count="1" type="stmt"/>
    </file>
    <file name="QueryParser.js" path="/home/arya/Documents/experiment/query-param-syntex/built/QueryParser.js">
      <metrics statements="91" coveredstatements="89" conditionals="19" coveredconditionals="19" methods="9" coveredmethods="7"/>
      <line num="1" count="1" type="stmt"/>
      <line num="2" count="1" type="stmt"/>
      <line num="3" count="1" type="cond" truecount="1" falsecount="0"/>
      <line num="4" count="1" type="cond" truecount="1" falsecount="0"/>
      <line num="5" count="1" type="stmt"/>
      <line num="6" count="1" type="stmt"/>
      <line num="7" count="1" type="stmt"/>
      <line num="8" count="1" type="stmt"/>
      <line num="9" count="1" type="stmt"/>
      <line num="10" count="1" type="stmt"/>
      <line num="11" count="1" type="stmt"/>
      <line num="12" count="1" type="stmt"/>
      <line num="13" count="1" type="cond" truecount="1" falsecount="0"/>
      <line num="14" count="7" type="stmt"/>
      <line num="15" count="7" type="stmt"/>
      <line num="16" count="1" type="cond" truecount="1" falsecount="0"/>
      <line num="17" count="7" type="stmt"/>
      <line num="18" count="7" type="stmt"/>
      <line num="19" count="7" type="cond" truecount="2" falsecount="0"/>
      <line num="20" count="3" type="stmt"/>
      <line num="21" count="3" type="stmt"/>
      <line num="22" count="3" type="stmt"/>
      <line num="23" count="3" type="stmt"/>
      <line num="24" count="3" type="stmt"/>
      <line num="25" count="3" type="stmt"/>
      <line num="26" count="7" type="stmt"/>
      <line num="27" count="7" type="stmt"/>
      <line num="28" count="7" type="stmt"/>
      <line num="29" count="7" type="stmt"/>
      <line num="30" count="7" type="stmt"/>
      <line num="31" count="1" type="stmt"/>
      <line num="32" count="1" type="cond" truecount="1" falsecount="0"/>
      <line num="33" count="4" type="stmt"/>
      <line num="34" count="4" type="cond" truecount="1" falsecount="0"/>
      <line num="35" count="7" type="cond" truecount="2" falsecount="0"/>
      <line num="36" count="5" type="stmt"/>
      <line num="37" count="5" type="stmt"/>
      <line num="38" count="5" type="stmt"/>
      <line num="39" count="5" type="stmt"/>
      <line num="40" count="5" type="stmt"/>
      <line num="41" count="5" type="stmt"/>
      <line num="42" count="5" type="stmt"/>
      <line num="43" count="5" type="stmt"/>
      <line num="44" count="5" type="stmt"/>
      <line num="45" count="5" type="stmt"/>
      <line num="46" count="5" type="stmt"/>
      <line num="47" count="7" type="stmt"/>
      <line num="48" count="4" type="stmt"/>
      <line num="49" count="4" type="stmt"/>
      <line num="50" count="1" type="cond" truecount="1" falsecount="0"/>
      <line num="51" count="7" type="stmt"/>
      <line num="52" count="7" type="stmt"/>
      <line num="53" count="7" type="stmt"/>
      <line num="54" count="7" type="cond" truecount="1" falsecount="0"/>
      <line num="55" count="117" type="stmt"/>
      <line num="56" count="117" type="cond" truecount="2" falsecount="0"/>
      <line num="57" count="110" type="stmt"/>
      <line num="58" count="110" type="stmt"/>
      <line num="59" count="110" type="stmt"/>
      <line num="60" count="110" type="cond" truecount="2" falsecount="0"/>
      <line num="61" count="90" type="stmt"/>
      <line num="62" count="90" type="stmt"/>
      <line num="63" count="90" type="stmt"/>
      <line num="64" count="90" type="stmt"/>
      <line num="65" count="90" type="stmt"/>
      <line num="66" count="110" type="stmt"/>
      <line num="67" count="117" type="stmt"/>
      <line num="68" count="7" type="stmt"/>
      <line num="69" count="7" type="stmt"/>
      <line num="70" count="7" type="stmt"/>
      <line num="71" count="7" type="stmt"/>
      <line num="72" count="7" type="stmt"/>
      <line num="73" count="7" type="stmt"/>
      <line num="74" count="7" type="stmt"/>
      <line num="75" count="1" type="cond" truecount="1" falsecount="0"/>
      <line num="76" count="4" type="stmt"/>
      <line num="77" count="4" type="stmt"/>
      <line num="78" count="4" type="cond" truecount="1" falsecount="0"/>
      <line num="79" count="7" type="stmt"/>
      <line num="80" count="7" type="stmt"/>
      <line num="81" count="4" type="stmt"/>
      <line num="82" count="4" type="stmt"/>
      <line num="83" count="1" type="stmt"/>
      <line num="84" count="0" type="stmt"/>
      <line num="85" count="0" type="stmt"/>
      <line num="86" count="1" type="cond" truecount="1" falsecount="0"/>
      <line num="87" count="4" type="stmt"/>
      <line num="88" count="4" type="stmt"/>
      <line num="89" count="1" type="stmt"/>
      <line num="90" count="1" type="stmt"/>
      <line num="91" count="1" type="stmt"/>
    </file>
  </project>
</coverage>
