{"/home/arya/Documents/experiment/query-param-syntex/built/QueryBuilder.js": {"path":"/home/arya/Documents/experiment/query-param-syntex/built/QueryBuilder.js","all":false,"statementMap":{"0":{"start":{"line":1,"column":0},"end":{"line":1,"column":13}},"1":{"start":{"line":2,"column":0},"end":{"line":2,"column":62}},"2":{"start":{"line":3,"column":0},"end":{"line":3,"column":17}},"3":{"start":{"line":4,"column":0},"end":{"line":4,"column":19}},"4":{"start":{"line":5,"column":0},"end":{"line":5,"column":27}},"5":{"start":{"line":6,"column":0},"end":{"line":6,"column":13}},"6":{"start":{"line":7,"column":0},"end":{"line":7,"column":21}},"7":{"start":{"line":8,"column":0},"end":{"line":8,"column":17}},"8":{"start":{"line":9,"column":0},"end":{"line":9,"column":35}},"9":{"start":{"line":10,"column":0},"end":{"line":10,"column":23}},"10":{"start":{"line":11,"column":0},"end":{"line":11,"column":41}},"11":{"start":{"line":12,"column":0},"end":{"line":12,"column":23}},"12":{"start":{"line":13,"column":0},"end":{"line":13,"column":31}},"13":{"start":{"line":14,"column":0},"end":{"line":14,"column":31}},"14":{"start":{"line":15,"column":0},"end":{"line":15,"column":39}},"15":{"start":{"line":16,"column":0},"end":{"line":16,"column":25}},"16":{"start":{"line":17,"column":0},"end":{"line":17,"column":33}},"17":{"start":{"line":18,"column":0},"end":{"line":18,"column":27}},"18":{"start":{"line":19,"column":0},"end":{"line":19,"column":35}},"19":{"start":{"line":20,"column":0},"end":{"line":20,"column":25}},"20":{"start":{"line":21,"column":0},"end":{"line":21,"column":33}},"21":{"start":{"line":22,"column":0},"end":{"line":22,"column":23}},"22":{"start":{"line":23,"column":0},"end":{"line":23,"column":31}},"23":{"start":{"line":24,"column":0},"end":{"line":24,"column":2}},"24":{"start":{"line":25,"column":0},"end":{"line":25,"column":3}},"25":{"start":{"line":26,"column":0},"end":{"line":26,"column":32}},"26":{"start":{"line":27,"column":0},"end":{"line":27,"column":34}},"27":{"start":{"line":28,"column":0},"end":{"line":28,"column":2}},"28":{"start":{"line":29,"column":0},"end":{"line":29,"column":34}},"29":{"start":{"line":30,"column":0},"end":{"line":30,"column":59}},"30":{"start":{"line":31,"column":0},"end":{"line":31,"column":49}},"31":{"start":{"line":32,"column":0},"end":{"line":32,"column":2}},"32":{"start":{"line":33,"column":0},"end":{"line":33,"column":33}},"33":{"start":{"line":34,"column":0},"end":{"line":34,"column":76}},"34":{"start":{"line":35,"column":0},"end":{"line":35,"column":3}},"35":{"start":{"line":36,"column":0},"end":{"line":36,"column":47}},"36":{"start":{"line":37,"column":0},"end":{"line":37,"column":29}},"37":{"start":{"line":38,"column":0},"end":{"line":38,"column":38}},"38":{"start":{"line":39,"column":0},"end":{"line":39,"column":5}},"39":{"start":{"line":40,"column":0},"end":{"line":40,"column":74}},"40":{"start":{"line":41,"column":0},"end":{"line":41,"column":39}},"41":{"start":{"line":42,"column":0},"end":{"line":42,"column":25}},"42":{"start":{"line":43,"column":0},"end":{"line":43,"column":31}},"43":{"start":{"line":44,"column":0},"end":{"line":44,"column":25}},"44":{"start":{"line":45,"column":0},"end":{"line":45,"column":11}},"45":{"start":{"line":46,"column":0},"end":{"line":46,"column":6}},"46":{"start":{"line":47,"column":0},"end":{"line":47,"column":52}},"47":{"start":{"line":48,"column":0},"end":{"line":48,"column":78}},"48":{"start":{"line":49,"column":0},"end":{"line":49,"column":144}},"49":{"start":{"line":50,"column":0},"end":{"line":50,"column":30}},"50":{"start":{"line":51,"column":0},"end":{"line":51,"column":39}},"51":{"start":{"line":52,"column":0},"end":{"line":52,"column":13}},"52":{"start":{"line":53,"column":0},"end":{"line":53,"column":18}},"53":{"start":{"line":54,"column":0},"end":{"line":54,"column":46}},"54":{"start":{"line":55,"column":0},"end":{"line":55,"column":13}},"55":{"start":{"line":56,"column":0},"end":{"line":56,"column":23}},"56":{"start":{"line":57,"column":0},"end":{"line":57,"column":15}},"57":{"start":{"line":58,"column":0},"end":{"line":58,"column":6}},"58":{"start":{"line":59,"column":0},"end":{"line":59,"column":39}},"59":{"start":{"line":60,"column":0},"end":{"line":60,"column":24}},"60":{"start":{"line":61,"column":0},"end":{"line":61,"column":5}},"61":{"start":{"line":62,"column":0},"end":{"line":62,"column":31}}},"s":{"0":1,"1":1,"2":1,"3":1,"4":1,"5":1,"6":1,"7":1,"8":1,"9":1,"10":1,"11":1,"12":1,"13":1,"14":1,"15":1,"16":1,"17":1,"18":1,"19":1,"20":1,"21":1,"22":1,"23":1,"24":1,"25":1,"26":1,"27":1,"28":1,"29":1,"30":1,"31":1,"32":1,"33":1,"34":1,"35":1,"36":1,"37":2,"38":2,"39":1,"40":4,"41":4,"42":4,"43":4,"44":4,"45":4,"46":1,"47":2,"48":4,"49":4,"50":2,"51":2,"52":2,"53":2,"54":2,"55":4,"56":2,"57":2,"58":1,"59":1,"60":1,"61":1},"branchMap":{"0":{"type":"branch","line":36,"loc":{"start":{"line":36,"column":34},"end":{"line":61,"column":5}},"locations":[{"start":{"line":36,"column":34},"end":{"line":61,"column":5}}]},"1":{"type":"branch","line":37,"loc":{"start":{"line":37,"column":4},"end":{"line":39,"column":5}},"locations":[{"start":{"line":37,"column":4},"end":{"line":39,"column":5}}]},"2":{"type":"branch","line":40,"loc":{"start":{"line":40,"column":39},"end":{"line":46,"column":6}},"locations":[{"start":{"line":40,"column":39},"end":{"line":46,"column":6}}]},"3":{"type":"branch","line":47,"loc":{"start":{"line":47,"column":39},"end":{"line":58,"column":6}},"locations":[{"start":{"line":47,"column":39},"end":{"line":58,"column":6}}]},"4":{"type":"branch","line":48,"loc":{"start":{"line":48,"column":47},"end":{"line":57,"column":11}},"locations":[{"start":{"line":48,"column":47},"end":{"line":57,"column":11}}]},"5":{"type":"branch","line":49,"loc":{"start":{"line":49,"column":66},"end":{"line":49,"column":114}},"locations":[{"start":{"line":49,"column":66},"end":{"line":49,"column":114}}]},"6":{"type":"branch","line":49,"loc":{"start":{"line":49,"column":66},"end":{"line":49,"column":118}},"locations":[{"start":{"line":49,"column":66},"end":{"line":49,"column":118}}]},"7":{"type":"branch","line":50,"loc":{"start":{"line":50,"column":29},"end":{"line":55,"column":13}},"locations":[{"start":{"line":50,"column":29},"end":{"line":55,"column":13}}]}},"b":{"0":[1],"1":[2],"2":[4],"3":[2],"4":[4],"5":[2],"6":[2],"7":[2]},"fnMap":{"0":{"name":"QueryBuilder","decl":{"start":{"line":37,"column":4},"end":{"line":39,"column":5}},"loc":{"start":{"line":37,"column":4},"end":{"line":39,"column":5}},"line":37},"1":{"name":"QueryBuilder.addFilter","decl":{"start":{"line":40,"column":39},"end":{"line":46,"column":6}},"loc":{"start":{"line":40,"column":39},"end":{"line":46,"column":6}},"line":40},"2":{"name":"QueryBuilder.stringify","decl":{"start":{"line":47,"column":39},"end":{"line":58,"column":6}},"loc":{"start":{"line":47,"column":39},"end":{"line":58,"column":6}},"line":47}},"f":{"0":2,"1":4,"2":2}}
,"/home/arya/Documents/experiment/query-param-syntex/built/QueryParser.js": {"path":"/home/arya/Documents/experiment/query-param-syntex/built/QueryParser.js","all":false,"statementMap":{"0":{"start":{"line":1,"column":0},"end":{"line":1,"column":13}},"1":{"start":{"line":2,"column":0},"end":{"line":2,"column":62}},"2":{"start":{"line":3,"column":0},"end":{"line":3,"column":46}},"3":{"start":{"line":4,"column":0},"end":{"line":4,"column":28}},"4":{"start":{"line":5,"column":0},"end":{"line":5,"column":33}},"5":{"start":{"line":6,"column":0},"end":{"line":6,"column":95}},"6":{"start":{"line":7,"column":0},"end":{"line":7,"column":30}},"7":{"start":{"line":8,"column":0},"end":{"line":8,"column":93}},"8":{"start":{"line":9,"column":0},"end":{"line":9,"column":62}},"9":{"start":{"line":10,"column":0},"end":{"line":10,"column":54}},"10":{"start":{"line":11,"column":0},"end":{"line":11,"column":53}},"11":{"start":{"line":12,"column":0},"end":{"line":12,"column":5}},"12":{"start":{"line":13,"column":0},"end":{"line":13,"column":68}},"13":{"start":{"line":14,"column":0},"end":{"line":14,"column":56}},"14":{"start":{"line":15,"column":0},"end":{"line":15,"column":6}},"15":{"start":{"line":16,"column":0},"end":{"line":16,"column":55}},"16":{"start":{"line":17,"column":0},"end":{"line":17,"column":16}},"17":{"start":{"line":18,"column":0},"end":{"line":18,"column":21}},"18":{"start":{"line":19,"column":0},"end":{"line":19,"column":48}},"19":{"start":{"line":20,"column":0},"end":{"line":20,"column":48}},"20":{"start":{"line":21,"column":0},"end":{"line":21,"column":59}},"21":{"start":{"line":22,"column":0},"end":{"line":22,"column":9}},"22":{"start":{"line":23,"column":0},"end":{"line":23,"column":14}},"23":{"start":{"line":24,"column":0},"end":{"line":24,"column":24}},"24":{"start":{"line":25,"column":0},"end":{"line":25,"column":9}},"25":{"start":{"line":26,"column":0},"end":{"line":26,"column":16}},"26":{"start":{"line":27,"column":0},"end":{"line":27,"column":21}},"27":{"start":{"line":28,"column":0},"end":{"line":28,"column":31}},"28":{"start":{"line":29,"column":0},"end":{"line":29,"column":10}},"29":{"start":{"line":30,"column":0},"end":{"line":30,"column":6}},"30":{"start":{"line":31,"column":0},"end":{"line":31,"column":53}},"31":{"start":{"line":32,"column":0},"end":{"line":32,"column":62}},"32":{"start":{"line":33,"column":0},"end":{"line":33,"column":21}},"33":{"start":{"line":34,"column":0},"end":{"line":34,"column":43}},"34":{"start":{"line":35,"column":0},"end":{"line":35,"column":36}},"35":{"start":{"line":36,"column":0},"end":{"line":36,"column":50}},"36":{"start":{"line":37,"column":0},"end":{"line":37,"column":40}},"37":{"start":{"line":38,"column":0},"end":{"line":38,"column":46}},"38":{"start":{"line":39,"column":0},"end":{"line":39,"column":19}},"39":{"start":{"line":40,"column":0},"end":{"line":40,"column":13}},"40":{"start":{"line":41,"column":0},"end":{"line":41,"column":18}},"41":{"start":{"line":42,"column":0},"end":{"line":42,"column":37}},"42":{"start":{"line":43,"column":0},"end":{"line":43,"column":40}},"43":{"start":{"line":44,"column":0},"end":{"line":44,"column":84}},"44":{"start":{"line":45,"column":0},"end":{"line":45,"column":18}},"45":{"start":{"line":46,"column":0},"end":{"line":46,"column":13}},"46":{"start":{"line":47,"column":0},"end":{"line":47,"column":11}},"47":{"start":{"line":48,"column":0},"end":{"line":48,"column":34}},"48":{"start":{"line":49,"column":0},"end":{"line":49,"column":6}},"49":{"start":{"line":50,"column":0},"end":{"line":50,"column":62}},"50":{"start":{"line":51,"column":0},"end":{"line":51,"column":35}},"51":{"start":{"line":52,"column":0},"end":{"line":52,"column":21}},"52":{"start":{"line":53,"column":0},"end":{"line":53,"column":23}},"53":{"start":{"line":54,"column":0},"end":{"line":54,"column":82}},"54":{"start":{"line":55,"column":0},"end":{"line":55,"column":39}},"55":{"start":{"line":56,"column":0},"end":{"line":56,"column":31}},"56":{"start":{"line":57,"column":0},"end":{"line":57,"column":38}},"57":{"start":{"line":58,"column":0},"end":{"line":58,"column":13}},"58":{"start":{"line":59,"column":0},"end":{"line":59,"column":18}},"59":{"start":{"line":60,"column":0},"end":{"line":60,"column":37}},"60":{"start":{"line":61,"column":0},"end":{"line":61,"column":34}},"61":{"start":{"line":62,"column":0},"end":{"line":62,"column":17}},"62":{"start":{"line":63,"column":0},"end":{"line":63,"column":22}},"63":{"start":{"line":64,"column":0},"end":{"line":64,"column":32}},"64":{"start":{"line":65,"column":0},"end":{"line":65,"column":17}},"65":{"start":{"line":66,"column":0},"end":{"line":66,"column":13}},"66":{"start":{"line":67,"column":0},"end":{"line":67,"column":9}},"67":{"start":{"line":68,"column":0},"end":{"line":68,"column":80}},"68":{"start":{"line":69,"column":0},"end":{"line":69,"column":16}},"69":{"start":{"line":70,"column":0},"end":{"line":70,"column":29}},"70":{"start":{"line":71,"column":0},"end":{"line":71,"column":25}},"71":{"start":{"line":72,"column":0},"end":{"line":72,"column":31}},"72":{"start":{"line":73,"column":0},"end":{"line":73,"column":10}},"73":{"start":{"line":74,"column":0},"end":{"line":74,"column":6}},"74":{"start":{"line":75,"column":0},"end":{"line":75,"column":71}},"75":{"start":{"line":76,"column":0},"end":{"line":76,"column":25}},"76":{"start":{"line":77,"column":0},"end":{"line":77,"column":68}},"77":{"start":{"line":78,"column":0},"end":{"line":78,"column":58}},"78":{"start":{"line":79,"column":0},"end":{"line":79,"column":43}},"79":{"start":{"line":80,"column":0},"end":{"line":80,"column":11}},"80":{"start":{"line":81,"column":0},"end":{"line":81,"column":43}},"81":{"start":{"line":82,"column":0},"end":{"line":82,"column":6}},"82":{"start":{"line":83,"column":0},"end":{"line":83,"column":55}},"83":{"start":{"line":84,"column":0},"end":{"line":84,"column":51}},"84":{"start":{"line":85,"column":0},"end":{"line":85,"column":6}},"85":{"start":{"line":86,"column":0},"end":{"line":86,"column":53}},"86":{"start":{"line":87,"column":0},"end":{"line":87,"column":77}},"87":{"start":{"line":88,"column":0},"end":{"line":88,"column":6}},"88":{"start":{"line":89,"column":0},"end":{"line":89,"column":23}},"89":{"start":{"line":90,"column":0},"end":{"line":90,"column":5}},"90":{"start":{"line":91,"column":0},"end":{"line":91,"column":30}}},"s":{"0":1,"1":1,"2":1,"3":1,"4":1,"5":1,"6":1,"7":1,"8":1,"9":1,"10":1,"11":1,"12":1,"13":7,"14":7,"15":1,"16":7,"17":7,"18":7,"19":3,"20":3,"21":3,"22":3,"23":3,"24":3,"25":7,"26":7,"27":7,"28":7,"29":7,"30":1,"31":1,"32":4,"33":4,"34":7,"35":5,"36":5,"37":5,"38":5,"39":5,"40":5,"41":5,"42":5,"43":5,"44":5,"45":5,"46":7,"47":4,"48":4,"49":1,"50":7,"51":7,"52":7,"53":7,"54":117,"55":117,"56":110,"57":110,"58":110,"59":110,"60":90,"61":90,"62":90,"63":90,"64":90,"65":110,"66":117,"67":7,"68":7,"69":7,"70":7,"71":7,"72":7,"73":7,"74":1,"75":4,"76":4,"77":4,"78":7,"79":7,"80":4,"81":4,"82":1,"83":0,"84":0,"85":1,"86":4,"87":4,"88":1,"89":1,"90":1},"branchMap":{"0":{"type":"branch","line":3,"loc":{"start":{"line":3,"column":33},"end":{"line":90,"column":5}},"locations":[{"start":{"line":3,"column":33},"end":{"line":90,"column":5}}]},"1":{"type":"branch","line":4,"loc":{"start":{"line":4,"column":4},"end":{"line":12,"column":5}},"locations":[{"start":{"line":4,"column":4},"end":{"line":12,"column":5}}]},"2":{"type":"branch","line":13,"loc":{"start":{"line":13,"column":50},"end":{"line":15,"column":6}},"locations":[{"start":{"line":13,"column":50},"end":{"line":15,"column":6}}]},"3":{"type":"branch","line":16,"loc":{"start":{"line":16,"column":37},"end":{"line":30,"column":6}},"locations":[{"start":{"line":16,"column":37},"end":{"line":30,"column":6}}]},"4":{"type":"branch","line":19,"loc":{"start":{"line":19,"column":47},"end":{"line":22,"column":9}},"locations":[{"start":{"line":19,"column":47},"end":{"line":22,"column":9}}]},"5":{"type":"branch","line":19,"loc":{"start":{"line":19,"column":8},"end":{"line":25,"column":9}},"locations":[{"start":{"line":19,"column":8},"end":{"line":25,"column":9}}]},"6":{"type":"branch","line":32,"loc":{"start":{"line":32,"column":42},"end":{"line":49,"column":6}},"locations":[{"start":{"line":32,"column":42},"end":{"line":49,"column":6}}]},"7":{"type":"branch","line":34,"loc":{"start":{"line":34,"column":24},"end":{"line":47,"column":11}},"locations":[{"start":{"line":34,"column":24},"end":{"line":47,"column":11}}]},"8":{"type":"branch","line":35,"loc":{"start":{"line":35,"column":35},"end":{"line":40,"column":13}},"locations":[{"start":{"line":35,"column":35},"end":{"line":40,"column":13}}]},"9":{"type":"branch","line":35,"loc":{"start":{"line":35,"column":12},"end":{"line":46,"column":13}},"locations":[{"start":{"line":35,"column":12},"end":{"line":46,"column":13}}]},"10":{"type":"branch","line":50,"loc":{"start":{"line":50,"column":40},"end":{"line":74,"column":6}},"locations":[{"start":{"line":50,"column":40},"end":{"line":74,"column":6}}]},"11":{"type":"branch","line":54,"loc":{"start":{"line":54,"column":81},"end":{"line":67,"column":9}},"locations":[{"start":{"line":54,"column":81},"end":{"line":67,"column":9}}]},"12":{"type":"branch","line":56,"loc":{"start":{"line":56,"column":30},"end":{"line":58,"column":13}},"locations":[{"start":{"line":56,"column":30},"end":{"line":58,"column":13}}]},"13":{"type":"branch","line":56,"loc":{"start":{"line":56,"column":12},"end":{"line":66,"column":13}},"locations":[{"start":{"line":56,"column":12},"end":{"line":66,"column":13}}]},"14":{"type":"branch","line":60,"loc":{"start":{"line":60,"column":36},"end":{"line":62,"column":17}},"locations":[{"start":{"line":60,"column":36},"end":{"line":62,"column":17}}]},"15":{"type":"branch","line":60,"loc":{"start":{"line":60,"column":16},"end":{"line":65,"column":17}},"locations":[{"start":{"line":60,"column":16},"end":{"line":65,"column":17}}]},"16":{"type":"branch","line":75,"loc":{"start":{"line":75,"column":48},"end":{"line":82,"column":6}},"locations":[{"start":{"line":75,"column":48},"end":{"line":82,"column":6}}]},"17":{"type":"branch","line":78,"loc":{"start":{"line":78,"column":41},"end":{"line":80,"column":11}},"locations":[{"start":{"line":78,"column":41},"end":{"line":80,"column":11}}]},"18":{"type":"branch","line":86,"loc":{"start":{"line":86,"column":35},"end":{"line":88,"column":6}},"locations":[{"start":{"line":86,"column":35},"end":{"line":88,"column":6}}]}},"b":{"0":[1],"1":[1],"2":[7],"3":[7],"4":[4],"5":[3],"6":[4],"7":[7],"8":[2],"9":[5],"10":[7],"11":[117],"12":[7],"13":[110],"14":[20],"15":[90],"16":[4],"17":[7],"18":[4]},"fnMap":{"0":{"name":"QueryParser","decl":{"start":{"line":4,"column":4},"end":{"line":12,"column":5}},"loc":{"start":{"line":4,"column":4},"end":{"line":12,"column":5}},"line":4},"1":{"name":"QueryParser.validateOperatorToken","decl":{"start":{"line":13,"column":50},"end":{"line":15,"column":6}},"loc":{"start":{"line":13,"column":50},"end":{"line":15,"column":6}},"line":13},"2":{"name":"QueryParser.parseLHS","decl":{"start":{"line":16,"column":37},"end":{"line":30,"column":6}},"loc":{"start":{"line":16,"column":37},"end":{"line":30,"column":6}},"line":16},"3":{"name":"QueryParser.parseRHS","decl":{"start":{"line":31,"column":37},"end":{"line":31,"column":53}},"loc":{"start":{"line":31,"column":37},"end":{"line":31,"column":53}},"line":31},"4":{"name":"QueryParser.mergeSameKeys","decl":{"start":{"line":32,"column":42},"end":{"line":49,"column":6}},"loc":{"start":{"line":32,"column":42},"end":{"line":49,"column":6}},"line":32},"5":{"name":"QueryParser.parseFilter","decl":{"start":{"line":50,"column":40},"end":{"line":74,"column":6}},"loc":{"start":{"line":50,"column":40},"end":{"line":74,"column":6}},"line":50},"6":{"name":"QueryParser.parseComposedFilter","decl":{"start":{"line":75,"column":48},"end":{"line":82,"column":6}},"loc":{"start":{"line":75,"column":48},"end":{"line":82,"column":6}},"line":75},"7":{"name":"QueryParser.validate","decl":{"start":{"line":83,"column":37},"end":{"line":85,"column":6}},"loc":{"start":{"line":83,"column":37},"end":{"line":85,"column":6}},"line":83},"8":{"name":"QueryParser.parser","decl":{"start":{"line":86,"column":35},"end":{"line":88,"column":6}},"loc":{"start":{"line":86,"column":35},"end":{"line":88,"column":6}},"line":86}},"f":{"0":1,"1":7,"2":7,"3":0,"4":4,"5":7,"6":4,"7":0,"8":4}}
}
