TN:
SF:built/QueryBuilder.js
FN:37,QueryBuilder
FN:40,QueryBuilder.addFilter
FN:47,QueryBuilder.stringify
FNF:3
FNH:3
FNDA:2,QueryBuilder
FNDA:4,QueryBuilder.addFilter
FNDA:2,QueryBuilder.stringify
DA:1,1
DA:2,1
DA:3,1
DA:4,1
DA:5,1
DA:6,1
DA:7,1
DA:8,1
DA:9,1
DA:10,1
DA:11,1
DA:12,1
DA:13,1
DA:14,1
DA:15,1
DA:16,1
DA:17,1
DA:18,1
DA:19,1
DA:20,1
DA:21,1
DA:22,1
DA:23,1
DA:24,1
DA:25,1
DA:26,1
DA:27,1
DA:28,1
DA:29,1
DA:30,1
DA:31,1
DA:32,1
DA:33,1
DA:34,1
DA:35,1
DA:36,1
DA:37,1
DA:38,2
DA:39,2
DA:40,1
DA:41,4
DA:42,4
DA:43,4
DA:44,4
DA:45,4
DA:46,4
DA:47,1
DA:48,2
DA:49,4
DA:50,4
DA:51,2
DA:52,2
DA:53,2
DA:54,2
DA:55,2
DA:56,4
DA:57,2
DA:58,2
DA:59,1
DA:60,1
DA:61,1
DA:62,1
LF:62
LH:62
BRDA:36,0,0,1
BRDA:37,1,0,2
BRDA:40,2,0,4
BRDA:47,3,0,2
BRDA:48,4,0,4
BRDA:49,5,0,2
BRDA:49,6,0,2
BRDA:50,7,0,2
BRF:8
BRH:8
end_of_record
TN:
SF:built/QueryParser.js
FN:4,QueryParser
FN:13,QueryParser.validateOperatorToken
FN:16,QueryParser.parseLHS
FN:31,QueryParser.parseRHS
FN:32,QueryParser.mergeSameKeys
FN:50,QueryParser.parseFilter
FN:75,QueryParser.parseComposedFilter
FN:83,QueryParser.validate
FN:86,QueryParser.parser
FNF:9
FNH:7
FNDA:1,QueryParser
FNDA:7,QueryParser.validateOperatorToken
FNDA:7,QueryParser.parseLHS
FNDA:0,QueryParser.parseRHS
FNDA:4,QueryParser.mergeSameKeys
FNDA:7,QueryParser.parseFilter
FNDA:4,QueryParser.parseComposedFilter
FNDA:0,QueryParser.validate
FNDA:4,QueryParser.parser
DA:1,1
DA:2,1
DA:3,1
DA:4,1
DA:5,1
DA:6,1
DA:7,1
DA:8,1
DA:9,1
DA:10,1
DA:11,1
DA:12,1
DA:13,1
DA:14,7
DA:15,7
DA:16,1
DA:17,7
DA:18,7
DA:19,7
DA:20,3
DA:21,3
DA:22,3
DA:23,3
DA:24,3
DA:25,3
DA:26,7
DA:27,7
DA:28,7
DA:29,7
DA:30,7
DA:31,1
DA:32,1
DA:33,4
DA:34,4
DA:35,7
DA:36,5
DA:37,5
DA:38,5
DA:39,5
DA:40,5
DA:41,5
DA:42,5
DA:43,5
DA:44,5
DA:45,5
DA:46,5
DA:47,7
DA:48,4
DA:49,4
DA:50,1
DA:51,7
DA:52,7
DA:53,7
DA:54,7
DA:55,117
DA:56,117
DA:57,110
DA:58,110
DA:59,110
DA:60,110
DA:61,90
DA:62,90
DA:63,90
DA:64,90
DA:65,90
DA:66,110
DA:67,117
DA:68,7
DA:69,7
DA:70,7
DA:71,7
DA:72,7
DA:73,7
DA:74,7
DA:75,1
DA:76,4
DA:77,4
DA:78,4
DA:79,7
DA:80,7
DA:81,4
DA:82,4
DA:83,1
DA:84,0
DA:85,0
DA:86,1
DA:87,4
DA:88,4
DA:89,1
DA:90,1
DA:91,1
LF:91
LH:89
BRDA:3,0,0,1
BRDA:4,1,0,1
BRDA:13,2,0,7
BRDA:16,3,0,7
BRDA:19,4,0,4
BRDA:19,5,0,3
BRDA:32,6,0,4
BRDA:34,7,0,7
BRDA:35,8,0,2
BRDA:35,9,0,5
BRDA:50,10,0,7
BRDA:54,11,0,117
BRDA:56,12,0,7
BRDA:56,13,0,110
BRDA:60,14,0,20
BRDA:60,15,0,90
BRDA:75,16,0,4
BRDA:78,17,0,7
BRDA:86,18,0,4
BRF:19
BRH:19
end_of_record
